Sat Jul 16 22:34:24 2022       
+-----------------------------------------------------------------------------+
| NVIDIA-SMI 470.103.01   Driver Version: 470.103.01   CUDA Version: 11.4     |
|-------------------------------+----------------------+----------------------+
| GPU  Name        Persistence-M| Bus-Id        Disp.A | Volatile Uncorr. ECC |
| Fan  Temp  Perf  Pwr:Usage/Cap|         Memory-Usage | GPU-Util  Compute M. |
|                               |                      |               MIG M. |
|===============================+======================+======================|
|   0  Tesla T4            On   | 00000000:00:07.0 Off |                    0 |
| N/A   31C    P8    11W /  70W |      0MiB / 15109MiB |      0%      Default |
|                               |                      |                  N/A |
+-------------------------------+----------------------+----------------------+
                                                                               
+-----------------------------------------------------------------------------+
| Processes:                                                                  |
|  GPU   GI   CI        PID   Type   Process name                  GPU Memory |
|        ID   ID                                                   Usage      |
|=============================================================================|
|  No running processes found                                                 |
+-----------------------------------------------------------------------------+
 22:34:24 up 70 days,  1:14,  2 users,  load average: 1.80, 1.63, 1.49
deepchem.utils.save has been deprecated.
The utilities in save.py are moved to deepchem.utils.data_utils or deepchem.utils.genomics_utils.
/vol/bitbucket/vwc21/mol
Traceback (most recent call last):
  File "gcn_sample_code.py", line 83, in <module>
    loader = CSVLoader(tasks=tasks, 
TypeError: __init__() got an unexpected keyword argument 'verbose'
