Mon Jul 18 00:14:09 2022       
+-----------------------------------------------------------------------------+
| NVIDIA-SMI 470.103.01   Driver Version: 470.103.01   CUDA Version: 11.4     |
|-------------------------------+----------------------+----------------------+
| GPU  Name        Persistence-M| Bus-Id        Disp.A | Volatile Uncorr. ECC |
| Fan  Temp  Perf  Pwr:Usage/Cap|         Memory-Usage | GPU-Util  Compute M. |
|                               |                      |               MIG M. |
|===============================+======================+======================|
|   0  Tesla T4            On   | 00000000:00:07.0 Off |                    0 |
| N/A   31C    P8     9W /  70W |      0MiB / 15109MiB |      0%      Default |
|                               |                      |                  N/A |
+-------------------------------+----------------------+----------------------+
                                                                               
+-----------------------------------------------------------------------------+
| Processes:                                                                  |
|  GPU   GI   CI        PID   Type   Process name                  GPU Memory |
|        ID   ID                                                   Usage      |
|=============================================================================|
|  No running processes found                                                 |
+-----------------------------------------------------------------------------+
 00:14:09 up 71 days,  2:54,  2 users,  load average: 1.24, 1.33, 1.36
/vol/bitbucket/vwc21/mol
                          0                1
dense_layer_size        int       [16, 2048]
graph_conv_layer_size   int       [32, 2048]
dropout                cont       [0.0, 0.5]
batch_size              int        [10, 100]
learning_rate          cont  [0.0001, 0.002]
nb_epoch                int        [20, 200]
Traceback (most recent call last):
  File "graph_conv_model.py", line 243, in <module>
    config = tf.compat.v1.ConfigProto()
NameError: name 'tf' is not defined
